# JRE version: OpenJDK Runtime Environment (16.0.2+7) (build 16.0.2+7-67)
# Java VM: OpenJDK 64-Bit Server VM (16.0.2+7-67, mixed mode, sharing, tiered, compressed oops, compressed class ptrs, g1 gc, windows-amd64)
GC Precious Log:
 CPUs: 12 total, 12 available
 Memory: 20297M
 Large Page Support: Disabled
 NUMA Support: Disabled
 Compressed Oops: Enabled (32-bit)
 Heap Region Size: 1M
 Heap Min Capacity: 8M
 Heap Initial Capacity: 318M
 Heap Max Capacity: 2G
 Pre-touch: Disabled
 Parallel Workers: 10
 Concurrent Workers: 3
 Concurrent Refinement Workers: 10
 Periodic GC: Disabled
Heap:
 garbage-first heap   total 291840K, used 202176K [0x0000000080000000, 0x0000000100000000)
  region size 1024K, 10 young (10240K), 9 survivors (9216K)
 Metaspace       used 124332K, committed 125376K, reserved 1163264K
  class space    used 16754K, committed 17280K, reserved 1048576K
GC Heap History (20 events):
Event: 39.840 GC heap before
{Heap before GC invocations=45 (full 0):
 garbage-first heap   total 238592K, used 192364K [0x0000000080000000, 0x0000000100000000)
  region size 1024K, 65 young (66560K), 9 survivors (9216K)
 Metaspace       used 95544K, committed 96384K, reserved 1138688K
  class space    used 12397K, committed 12800K, reserved 1048576K
}
Event: 39.872 GC heap after
{Heap after GC invocations=46 (full 0):
 garbage-first heap   total 238592K, used 143014K [0x0000000080000000, 0x0000000100000000)
  region size 1024K, 8 young (8192K), 8 survivors (8192K)
 Metaspace       used 95544K, committed 96384K, reserved 1138688K
  class space    used 12397K, committed 12800K, reserved 1048576K
}
Event: 40.964 GC heap before
{Heap before GC invocations=46 (full 0):
 garbage-first heap   total 238592K, used 194214K [0x0000000080000000, 0x0000000100000000)
  region size 1024K, 59 young (60416K), 8 survivors (8192K)
 Metaspace       used 95888K, committed 96768K, reserved 1138688K
  class space    used 12427K, committed 12864K, reserved 1048576K
}
Event: 40.981 GC heap after
{Heap after GC invocations=47 (full 0):
 garbage-first heap   total 238592K, used 147351K [0x0000000080000000, 0x0000000100000000)
  region size 1024K, 5 young (5120K), 5 survivors (5120K)
 Metaspace       used 95888K, committed 96768K, reserved 1138688K
  class space    used 12427K, committed 12864K, reserved 1048576K
}
Event: 41.704 GC heap before
{Heap before GC invocations=48 (full 0):
 garbage-first heap   total 266240K, used 196503K [0x0000000080000000, 0x0000000100000000)
  region size 1024K, 54 young (55296K), 5 survivors (5120K)
 Metaspace       used 96085K, committed 96896K, reserved 1138688K
  class space    used 12450K, committed 12864K, reserved 1048576K
}
Event: 41.716 GC heap after
{Heap after GC invocations=49 (full 0):
 garbage-first heap   total 266240K, used 150964K [0x0000000080000000, 0x0000000100000000)
  region size 1024K, 4 young (4096K), 4 survivors (4096K)
 Metaspace       used 96085K, committed 96896K, reserved 1138688K
  class space    used 12450K, committed 12864K, reserved 1048576K
}
Event: 41.980 GC heap before
{Heap before GC invocations=49 (full 0):
 garbage-first heap   total 266240K, used 159156K [0x0000000080000000, 0x0000000100000000)
  region size 1024K, 13 young (13312K), 4 survivors (4096K)
 Metaspace       used 96336K, committed 97216K, reserved 1138688K
  class space    used 12505K, committed 12928K, reserved 1048576K
}
Event: 42.010 GC heap after
{Heap after GC invocations=50 (full 0):
 garbage-first heap   total 266240K, used 140747K [0x0000000080000000, 0x0000000100000000)
  region size 1024K, 1 young (1024K), 1 survivors (1024K)
 Metaspace       used 96336K, committed 97216K, reserved 1138688K
  class space    used 12505K, committed 12928K, reserved 1048576K
}
Event: 47.499 GC heap before
{Heap before GC invocations=50 (full 0):
 garbage-first heap   total 266240K, used 179659K [0x0000000080000000, 0x0000000100000000)
  region size 1024K, 41 young (41984K), 1 survivors (1024K)
 Metaspace       used 103387K, committed 104320K, reserved 1146880K
  class space    used 13380K, committed 13824K, reserved 1048576K
}
Event: 47.510 GC heap after
{Heap after GC invocations=51 (full 0):
 garbage-first heap   total 266240K, used 148389K [0x0000000080000000, 0x0000000100000000)
  region size 1024K, 9 young (9216K), 9 survivors (9216K)
 Metaspace       used 103387K, committed 104320K, reserved 1146880K
  class space    used 13380K, committed 13824K, reserved 1048576K
}
Event: 51.601 GC heap before
{Heap before GC invocations=52 (full 0):
 garbage-first heap   total 266240K, used 216997K [0x0000000080000000, 0x0000000100000000)
  region size 1024K, 74 young (75776K), 9 survivors (9216K)
 Metaspace       used 105914K, committed 106880K, reserved 1146880K
  class space    used 13652K, committed 14144K, reserved 1048576K
}
Event: 51.609 GC heap after
{Heap after GC invocations=53 (full 0):
 garbage-first heap   total 266240K, used 149977K [0x0000000080000000, 0x0000000100000000)
  region size 1024K, 3 young (3072K), 3 survivors (3072K)
 Metaspace       used 105914K, committed 106880K, reserved 1146880K
  class space    used 13652K, committed 14144K, reserved 1048576K
}
Event: 52.186 GC heap before
{Heap before GC invocations=53 (full 0):
 garbage-first heap   total 266240K, used 217561K [0x0000000080000000, 0x0000000100000000)
  region size 1024K, 70 young (71680K), 3 survivors (3072K)
 Metaspace       used 106056K, committed 106944K, reserved 1146880K
  class space    used 13674K, committed 14144K, reserved 1048576K
}
Event: 52.198 GC heap after
{Heap after GC invocations=54 (full 0):
 garbage-first heap   total 266240K, used 152713K [0x0000000080000000, 0x0000000100000000)
  region size 1024K, 6 young (6144K), 6 survivors (6144K)
 Metaspace       used 106056K, committed 106944K, reserved 1146880K
  class space    used 13674K, committed 14144K, reserved 1048576K
}
Event: 53.798 GC heap before
{Heap before GC invocations=55 (full 0):
 garbage-first heap   total 291840K, used 217225K [0x0000000080000000, 0x0000000100000000)
  region size 1024K, 70 young (71680K), 6 survivors (6144K)
 Metaspace       used 111577K, committed 112512K, reserved 1146880K
  class space    used 14518K, committed 14976K, reserved 1048576K
}
Event: 53.813 GC heap after
{Heap after GC invocations=56 (full 0):
 garbage-first heap   total 291840K, used 156156K [0x0000000080000000, 0x0000000100000000)
  region size 1024K, 8 young (8192K), 8 survivors (8192K)
 Metaspace       used 111577K, committed 112512K, reserved 1146880K
  class space    used 14518K, committed 14976K, reserved 1048576K
}
Event: 57.488 GC heap before
{Heap before GC invocations=56 (full 0):
 garbage-first heap   total 291840K, used 240124K [0x0000000080000000, 0x0000000100000000)
  region size 1024K, 91 young (93184K), 8 survivors (8192K)
 Metaspace       used 122149K, committed 123136K, reserved 1155072K
  class space    used 16475K, committed 16960K, reserved 1048576K
}
Event: 57.498 GC heap after
{Heap after GC invocations=57 (full 0):
 garbage-first heap   total 291840K, used 158838K [0x0000000080000000, 0x0000000100000000)
  region size 1024K, 7 young (7168K), 7 survivors (7168K)
 Metaspace       used 122149K, committed 123136K, reserved 1155072K
  class space    used 16475K, committed 16960K, reserved 1048576K
}
Event: 59.172 GC heap before
{Heap before GC invocations=58 (full 0):
 garbage-first heap   total 291840K, used 197750K [0x0000000080000000, 0x0000000100000000)
  region size 1024K, 49 young (50176K), 7 survivors (7168K)
 Metaspace       used 124323K, committed 125376K, reserved 1163264K
  class space    used 16753K, committed 17280K, reserved 1048576K
}
Event: 59.182 GC heap after
{Heap after GC invocations=59 (full 0):
 garbage-first heap   total 291840K, used 159168K [0x0000000080000000, 0x0000000100000000)
  region size 1024K, 9 young (9216K), 9 survivors (9216K)
 Metaspace       used 124323K, committed 125376K, reserved 1163264K
  class space    used 16753K, committed 17280K, reserved 1048576K
}

