# JRE version: OpenJDK Runtime Environment (16.0.2+7) (build 16.0.2+7-67)
# Java VM: OpenJDK 64-Bit Server VM (16.0.2+7-67, mixed mode, sharing, tiered, compressed oops, compressed class ptrs, g1 gc, windows-amd64)
GC Precious Log:
 CPUs: 12 total, 12 available
 Memory: 20297M
 Large Page Support: Disabled
 NUMA Support: Disabled
 Compressed Oops: Enabled (32-bit)
 Heap Region Size: 1M
 Heap Min Capacity: 8M
 Heap Initial Capacity: 318M
 Heap Max Capacity: 2G
 Pre-touch: Disabled
 Parallel Workers: 10
 Concurrent Workers: 3
 Concurrent Refinement Workers: 10
 Periodic GC: Disabled
Heap:
 garbage-first heap   total 189440K, used 89040K [0x0000000080000000, 0x0000000100000000)
  region size 1024K, 1 young (1024K), 1 survivors (1024K)
 Metaspace       used 80317K, committed 81216K, reserved 1122304K
  class space    used 10585K, committed 10944K, reserved 1048576K
GC Heap History (20 events):
Event: 17.023 GC heap after
{Heap after GC invocations=36 (full 0):
 garbage-first heap   total 158720K, used 79597K [0x0000000080000000, 0x0000000100000000)
  region size 1024K, 5 young (5120K), 5 survivors (5120K)
 Metaspace       used 75365K, committed 75904K, reserved 1114112K
  class space    used 10245K, committed 10496K, reserved 1048576K
}
Event: 17.826 GC heap before
{Heap before GC invocations=36 (full 0):
 garbage-first heap   total 158720K, used 127725K [0x0000000080000000, 0x0000000100000000)
  region size 1024K, 53 young (54272K), 5 survivors (5120K)
 Metaspace       used 75909K, committed 76480K, reserved 1122304K
  class space    used 10290K, committed 10560K, reserved 1048576K
}
Event: 17.830 GC heap after
{Heap after GC invocations=37 (full 0):
 garbage-first heap   total 158720K, used 83704K [0x0000000080000000, 0x0000000100000000)
  region size 1024K, 7 young (7168K), 7 survivors (7168K)
 Metaspace       used 75909K, committed 76480K, reserved 1122304K
  class space    used 10290K, committed 10560K, reserved 1048576K
}
Event: 18.252 GC heap before
{Heap before GC invocations=38 (full 0):
 garbage-first heap   total 158720K, used 127736K [0x0000000080000000, 0x0000000100000000)
  region size 1024K, 51 young (52224K), 7 survivors (7168K)
 Metaspace       used 76192K, committed 76800K, reserved 1122304K
  class space    used 10303K, committed 10560K, reserved 1048576K
}
Event: 18.257 GC heap after
{Heap after GC invocations=39 (full 0):
 garbage-first heap   total 158720K, used 87343K [0x0000000080000000, 0x0000000100000000)
  region size 1024K, 4 young (4096K), 4 survivors (4096K)
 Metaspace       used 76192K, committed 76800K, reserved 1122304K
  class space    used 10303K, committed 10560K, reserved 1048576K
}
Event: 18.634 GC heap before
{Heap before GC invocations=39 (full 0):
 garbage-first heap   total 158720K, used 128303K [0x0000000080000000, 0x0000000100000000)
  region size 1024K, 45 young (46080K), 4 survivors (4096K)
 Metaspace       used 76388K, committed 76928K, reserved 1122304K
  class space    used 10334K, committed 10560K, reserved 1048576K
}
Event: 18.638 GC heap after
{Heap after GC invocations=40 (full 0):
 garbage-first heap   total 158720K, used 90025K [0x0000000080000000, 0x0000000100000000)
  region size 1024K, 3 young (3072K), 3 survivors (3072K)
 Metaspace       used 76388K, committed 76928K, reserved 1122304K
  class space    used 10334K, committed 10560K, reserved 1048576K
}
Event: 18.855 GC heap before
{Heap before GC invocations=41 (full 0):
 garbage-first heap   total 179200K, used 129961K [0x0000000080000000, 0x0000000100000000)
  region size 1024K, 43 young (44032K), 3 survivors (3072K)
 Metaspace       used 76388K, committed 76928K, reserved 1122304K
  class space    used 10328K, committed 10560K, reserved 1048576K
}
Event: 18.858 GC heap after
{Heap after GC invocations=42 (full 0):
 garbage-first heap   total 179200K, used 92343K [0x0000000080000000, 0x0000000100000000)
  region size 1024K, 5 young (5120K), 5 survivors (5120K)
 Metaspace       used 76388K, committed 76928K, reserved 1122304K
  class space    used 10328K, committed 10560K, reserved 1048576K
}
Event: 19.191 GC heap before
{Heap before GC invocations=42 (full 0):
 garbage-first heap   total 179200K, used 146615K [0x0000000080000000, 0x0000000100000000)
  region size 1024K, 59 young (60416K), 5 survivors (5120K)
 Metaspace       used 76463K, committed 76992K, reserved 1122304K
  class space    used 10331K, committed 10560K, reserved 1048576K
}
Event: 19.196 GC heap after
{Heap after GC invocations=43 (full 0):
 garbage-first heap   total 179200K, used 95366K [0x0000000080000000, 0x0000000100000000)
  region size 1024K, 6 young (6144K), 6 survivors (6144K)
 Metaspace       used 76463K, committed 76992K, reserved 1122304K
  class space    used 10331K, committed 10560K, reserved 1048576K
}
Event: 933.110 GC heap before
{Heap before GC invocations=44 (full 0):
 garbage-first heap   total 189440K, used 147590K [0x0000000080000000, 0x0000000100000000)
  region size 1024K, 58 young (59392K), 6 survivors (6144K)
 Metaspace       used 80397K, committed 81024K, reserved 1122304K
  class space    used 10650K, committed 10944K, reserved 1048576K
}
Event: 933.114 GC heap after
{Heap after GC invocations=45 (full 0):
 garbage-first heap   total 189440K, used 96683K [0x0000000080000000, 0x0000000100000000)
  region size 1024K, 5 young (5120K), 5 survivors (5120K)
 Metaspace       used 80397K, committed 81024K, reserved 1122304K
  class space    used 10650K, committed 10944K, reserved 1048576K
}
Event: 4301.100 GC heap before
{Heap before GC invocations=45 (full 0):
 garbage-first heap   total 189440K, used 156075K [0x0000000080000000, 0x0000000100000000)
  region size 1024K, 64 young (65536K), 5 survivors (5120K)
 Metaspace       used 80557K, committed 81152K, reserved 1122304K
  class space    used 10654K, committed 10944K, reserved 1048576K
}
Event: 4301.115 GC heap after
{Heap after GC invocations=46 (full 0):
 garbage-first heap   total 189440K, used 96697K [0x0000000080000000, 0x0000000100000000)
  region size 1024K, 5 young (5120K), 5 survivors (5120K)
 Metaspace       used 80557K, committed 81152K, reserved 1122304K
  class space    used 10654K, committed 10944K, reserved 1048576K
}
Event: 9089.147 GC heap before
{Heap before GC invocations=47 (full 0):
 garbage-first heap   total 189440K, used 159161K [0x0000000080000000, 0x0000000100000000)
  region size 1024K, 66 young (67584K), 5 survivors (5120K)
 Metaspace       used 80172K, committed 81152K, reserved 1122304K
  class space    used 10564K, committed 10944K, reserved 1048576K
}
Event: 9089.160 GC heap after
{Heap after GC invocations=48 (full 0):
 garbage-first heap   total 189440K, used 96755K [0x0000000080000000, 0x0000000100000000)
  region size 1024K, 5 young (5120K), 5 survivors (5120K)
 Metaspace       used 80172K, committed 81152K, reserved 1122304K
  class space    used 10564K, committed 10944K, reserved 1048576K
}
Event: 9091.160 GC heap before
{Heap before GC invocations=48 (full 0):
 garbage-first heap   total 189440K, used 99827K [0x0000000080000000, 0x0000000100000000)
  region size 1024K, 9 young (9216K), 5 survivors (5120K)
 Metaspace       used 80172K, committed 81152K, reserved 1122304K
  class space    used 10564K, committed 10944K, reserved 1048576K
}
Event: 9091.288 GC heap after
{Heap after GC invocations=49 (full 0):
 garbage-first heap   total 189440K, used 89223K [0x0000000080000000, 0x0000000100000000)
  region size 1024K, 1 young (1024K), 1 survivors (1024K)
 Metaspace       used 80172K, committed 81152K, reserved 1122304K
  class space    used 10564K, committed 10944K, reserved 1048576K
}
Event: 9949.059 GC heap before
{Heap before GC invocations=49 (full 0):
 garbage-first heap   total 189440K, used 129159K [0x0000000080000000, 0x0000000100000000)
  region size 1024K, 41 young (41984K), 1 survivors (1024K)
 Metaspace       used 80317K, committed 81216K, reserved 1122304K
  class space    used 10585K, committed 10944K, reserved 1048576K
}

